<?xml version="1.0" encoding="UTF-8"?>
<testsuite name="de.sambalmueslie.math.calc.parsing.token.EquationTokenizerTest" tests="1" skipped="0" failures="0" errors="0" timestamp="2022-07-10T20:36:31" hostname="OLIOFFICE" time="0.089">
  <properties/>
  <testcase name="tokenize the a little more equation and a some combined groups()" classname="de.sambalmueslie.math.calc.parsing.token.EquationTokenizerTest" time="0.089"/>
  <system-out><![CDATA[22:36:31.160 [Test worker] INFO de.sambalmueslie.math.calc.parsing.token.EquationTokenizer - Tokenize '(((1,2) + (3,4)) + ((5,6) - (7,8)))'
22:36:31.175 [Test worker] DEBUG de.sambalmueslie.math.calc.parsing.token.TokenParserComplexNumber - Finished processing with result (1.0, 2.0)
22:36:31.177 [Test worker] DEBUG de.sambalmueslie.math.calc.parsing.token.TokenParserComplexNumber - Finished processing with result (3.0, 4.0)
22:36:31.177 [Test worker] DEBUG de.sambalmueslie.math.calc.parsing.token.TokenParserComplexNumber - Finished processing with result (5.0, 6.0)
22:36:31.177 [Test worker] DEBUG de.sambalmueslie.math.calc.parsing.token.TokenParserComplexNumber - Finished processing with result (7.0, 8.0)
]]></system-out>
  <system-err><![CDATA[]]></system-err>
</testsuite>
